<?xml version="1.0" encoding="UTF-8"?>
<!-- Generated by org.testng.reporters.JUnitReportReporter -->
<testsuite hostname="GN2LPEGR911QVQF" failures="0" tests="2" name="igt.ExtentBaseClass" time="16.839" errors="0" timestamp="2021-11-08T15:13:27 IST" skipped="0">
  <testcase classname="igt.ExtentBaseClass" name="titletest" time="6.829"/>
  <system-out/>
  <testcase classname="igt.ExtentBaseClass" name="clickonGmail" time="10.010"/>
  <system-out/>
</testsuite> <!-- igt.ExtentBaseClass -->
